mode: set
geektrust/portfolio/build.go:9.82,11.35 2 1
geektrust/portfolio/build.go:47.2,47.18 1 1
geektrust/portfolio/build.go:11.35,13.23 2 1
geektrust/portfolio/build.go:14.24,15.52 1 1
geektrust/portfolio/build.go:16.19,18.26 2 1
geektrust/portfolio/build.go:19.22,21.39 2 1
geektrust/portfolio/build.go:34.23,35.47 1 1
geektrust/portfolio/build.go:38.25,39.38 1 1
geektrust/portfolio/build.go:21.39,24.5 1 1
geektrust/portfolio/build.go:24.10,33.5 5 1
geektrust/portfolio/build.go:35.47,37.5 1 1
geektrust/portfolio/build.go:39.38,41.5 1 0
geektrust/portfolio/build.go:41.10,43.5 1 1
geektrust/portfolio/investment.go:21.39,25.2 3 1
geektrust/portfolio/investment.go:27.54,31.2 3 1
geektrust/portfolio/investment.go:33.50,38.2 4 1
geektrust/portfolio/investment.go:40.51,42.2 1 1
geektrust/portfolio/investment.go:44.43,48.2 3 1
geektrust/portfolio/investment.go:50.45,55.16 4 1
geektrust/portfolio/investment.go:59.2,62.16 4 1
geektrust/portfolio/investment.go:65.2,65.14 1 1
geektrust/portfolio/investment.go:55.16,56.65 1 0
geektrust/portfolio/investment.go:62.16,63.65 1 0
geektrust/portfolio/investment.go:68.38,70.2 1 1
geektrust/portfolio/investment.go:72.38,74.2 1 1
geektrust/portfolio/investment.go:76.31,78.2 1 1
geektrust/portfolio/investment.go:80.38,82.2 1 1
geektrust/portfolio/portfolio.go:19.69,34.2 6 1
geektrust/portfolio/portfolio.go:36.59,38.26 2 1
geektrust/portfolio/portfolio.go:52.2,52.72 1 1
geektrust/portfolio/portfolio.go:38.26,48.3 5 1
geektrust/portfolio/portfolio.go:48.8,50.3 1 1
geektrust/portfolio/portfolio.go:52.72,54.3 1 1
geektrust/portfolio/portfolio.go:57.33,71.2 9 1
geektrust/portfolio/portfolio.go:73.38,75.2 1 1
geektrust/portfolio/portfolio.go:77.56,79.2 1 1
geektrust/portfolio/portfolio.go:81.77,83.2 1 1
geektrust/portfolio/portfolio.go:86.37,88.72 2 1
geektrust/portfolio/portfolio.go:98.2,98.18 1 1
geektrust/portfolio/portfolio.go:101.2,101.25 1 1
geektrust/portfolio/portfolio.go:104.2,106.20 3 1
geektrust/portfolio/portfolio.go:88.72,92.61 4 1
geektrust/portfolio/portfolio.go:92.61,93.25 1 1
geektrust/portfolio/portfolio.go:93.25,95.5 1 1
geektrust/portfolio/portfolio.go:98.18,100.3 1 1
geektrust/portfolio/portfolio.go:101.25,103.3 1 1
