mode: set
geektrust/common/utils.go:20.32,22.2 1 1
geektrust/common/utils.go:24.35,25.15 1 1
geektrust/common/utils.go:26.17,27.17 1 1
geektrust/common/utils.go:28.18,29.18 1 1
geektrust/common/utils.go:30.15,31.15 1 1
geektrust/common/utils.go:32.15,33.15 1 1
geektrust/common/utils.go:34.13,35.13 1 1
geektrust/common/utils.go:36.14,37.14 1 1
geektrust/common/utils.go:38.14,39.14 1 1
geektrust/common/utils.go:40.16,41.16 1 1
geektrust/common/utils.go:42.19,43.19 1 1
geektrust/common/utils.go:44.17,45.17 1 1
geektrust/common/utils.go:46.18,47.18 1 1
geektrust/common/utils.go:48.18,49.18 1 1
geektrust/common/utils.go:50.10,51.31 1 1
geektrust/common/utils.go:65.34,67.2 1 1
geektrust/common/utils.go:69.41,70.17 1 1
geektrust/common/utils.go:71.18,72.18 1 1
geektrust/common/utils.go:73.13,74.13 1 1
geektrust/common/utils.go:75.16,76.16 1 1
geektrust/common/utils.go:77.17,78.17 1 1
geektrust/common/utils.go:79.19,80.19 1 1
geektrust/common/utils.go:81.10,82.33 1 1
